BLE-MIDI-library/build/intermediates/manifest_merge_blame_file/debug/manifest-merger-blame-debug-report.txt
1<?xml version="1.0" encoding="utf-8"?>
2<manifest xmlns:android="http://schemas.android.com/apk/res/android"
3    package="jp.kshoji.blemidi" >
4
5    <uses-sdk android:minSdkVersion="18" />
5-->src/main/AndroidManifest.xml
6
7    <uses-permission android:name="android.permission.BLUETOOTH" />
7-->src/main/AndroidManifest.xml:4:5-68
7-->src/main/AndroidManifest.xml:4:22-65
8    <uses-permission android:name="android.permission.BLUETOOTH_ADMIN" />
8-->src/main/AndroidManifest.xml:5:5-74
8-->src/main/AndroidManifest.xml:5:22-71
9
10    <uses-feature
10-->src/main/AndroidManifest.xml:7:5-90
11        android:name="android.hardware.bluetooth_le"
11-->src/main/AndroidManifest.xml:7:19-63
12        android:required="true" />
12-->src/main/AndroidManifest.xml:7:64-87
13
14</manifest>